┏━━━┯━━━┯━━━┳━━━┯━━━┯━━━┳━━━┯━━━┯━━━┓
┃   │   │ 4 ┃   │   │ 5 ┃   │   │   ┃
┠───┼───┼───╂───┼───┼───╂───┼───┼───┨
┃   │   │   ┃ 3 │ 7 │   ┃ 8 │ 9 │   ┃
┠───┼───┼───╂───┼───┼───╂───┼───┼───┨
┃   │ 1 │   ┃   │ 2 │   ┃ 5 │   │   ┃
┣━━━┿━━━┿━━━╋━━━┿━━━┿━━━╋━━━┿━━━┿━━━┫
┃   │   │   ┃ 7 │   │ 3 ┃ 9 │   │   ┃
┠───┼───┼───╂───┼───┼───╂───┼───┼───┨
┃   │ 4 │   ┃   │   │   ┃   │ 3 │   ┃
┠───┼───┼───╂───┼───┼───╂───┼───┼───┨
┃   │   │ 3 ┃ 2 │   │ 8 ┃   │   │   ┃
┣━━━┿━━━┿━━━╋━━━┿━━━┿━━━╋━━━┿━━━┿━━━┫
┃   │   │ 2 ┃   │ 9 │   ┃   │ 4 │   ┃
┠───┼───┼───╂───┼───┼───╂───┼───┼───┨
┃   │ 6 │ 5 ┃   │ 8 │ 7 ┃   │   │   ┃
┠───┼───┼───╂───┼───┼───╂───┼───┼───┨
┃   │   │   ┃ 6 │   │   ┃ 7 │   │   ┃
┗━━━┷━━━┷━━━┻━━━┷━━━┷━━━┻━━━┷━━━┷━━━┛
┏━━━┯━━━┯━━━┳━━━┯━━━┯━━━┳━━━┯━━━┯━━━┓
┃   │   │ 4 ┃   │   │ 5 ┃   │   │   ┃
┠───┼───┼───╂───┼───┼───╂───┼───┼───┨
┃   │   │ 6 ┃ 3 │ 7 │ 4 ┃ 8 │ 9 │   ┃
┠───┼───┼───╂───┼───┼───╂───┼───┼───┨
┃   │ 1 │   ┃   │ 2 │   ┃ 5 │   │   ┃
┣━━━┿━━━┿━━━╋━━━┿━━━┿━━━╋━━━┿━━━┿━━━┫
┃   │   │   ┃ 7 │   │ 3 ┃ 9 │   │   ┃
┠───┼───┼───╂───┼───┼───╂───┼───┼───┨
┃   │ 4 │   ┃   │   │   ┃   │ 3 │   ┃
┠───┼───┼───╂───┼───┼───╂───┼───┼───┨
┃   │   │ 3 ┃ 2 │   │ 8 ┃ 4 │   │   ┃
┣━━━┿━━━┿━━━╋━━━┿━━━┿━━━╋━━━┿━━━┿━━━┫
┃   │   │ 2 ┃ 5 │ 9 │ 1 ┃   │ 4 │   ┃
┠───┼───┼───╂───┼───┼───╂───┼───┼───┨
┃   │ 6 │ 5 ┃ 4 │ 8 │ 7 ┃   │   │   ┃
┠───┼───┼───╂───┼───┼───╂───┼───┼───┨
┃   │   │   ┃ 6 │ 3 │ 2 ┃ 7 │   │   ┃
┗━━━┷━━━┷━━━┻━━━┷━━━┷━━━┻━━━┷━━━┷━━━┛
┏━━━┯━━━┯━━━┳━━━┯━━━┯━━━┳━━━┯━━━┯━━━┓
┃   │   │ 4 ┃   │   │ 5 ┃   │   │   ┃
┠───┼───┼───╂───┼───┼───╂───┼───┼───┨
┃   │   │ 6 ┃ 3 │ 7 │ 4 ┃ 8 │ 9 │ 1 ┃
┠───┼───┼───╂───┼───┼───╂───┼───┼───┨
┃   │ 1 │   ┃   │ 2 │   ┃ 5 │   │ 4 ┃
┣━━━┿━━━┿━━━╋━━━┿━━━┿━━━╋━━━┿━━━┿━━━┫
┃   │   │   ┃ 7 │ 4 │ 3 ┃ 9 │   │   ┃
┠───┼───┼───╂───┼───┼───╂───┼───┼───┨
┃   │ 4 │   ┃   │   │   ┃   │ 3 │   ┃
┠───┼───┼───╂───┼───┼───╂───┼───┼───┨
┃   │   │ 3 ┃ 2 │   │ 8 ┃ 4 │   │   ┃
┣━━━┿━━━┿━━━╋━━━┿━━━┿━━━╋━━━┿━━━┿━━━┫
┃   │   │ 2 ┃ 5 │ 9 │ 1 ┃   │ 4 │   ┃
┠───┼───┼───╂───┼───┼───╂───┼───┼───┨
┃   │ 6 │ 5 ┃ 4 │ 8 │ 7 ┃   │   │   ┃
┠───┼───┼───╂───┼───┼───╂───┼───┼───┨
┃ 4 │   │   ┃ 6 │ 3 │ 2 ┃ 7 │   │   ┃
┗━━━┷━━━┷━━━┻━━━┷━━━┷━━━┻━━━┷━━━┷━━━┛
┏━━━┯━━━┯━━━┳━━━┯━━━┯━━━┳━━━┯━━━┯━━━┓
┃   │   │ 4 ┃   │   │ 5 ┃   │   │   ┃
┠───┼───┼───╂───┼───┼───╂───┼───┼───┨
┃   │   │ 6 ┃ 3 │ 7 │ 4 ┃ 8 │ 9 │ 1 ┃
┠───┼───┼───╂───┼───┼───╂───┼───┼───┨
┃ 3 │ 1 │   ┃   │ 2 │   ┃ 5 │   │ 4 ┃
┣━━━┿━━━┿━━━╋━━━┿━━━┿━━━╋━━━┿━━━┿━━━┫
┃   │   │   ┃ 7 │ 4 │ 3 ┃ 9 │   │   ┃
┠───┼───┼───╂───┼───┼───╂───┼───┼───┨
┃   │ 4 │   ┃   │   │   ┃   │ 3 │   ┃
┠───┼───┼───╂───┼───┼───╂───┼───┼───┨
┃   │   │ 3 ┃ 2 │   │ 8 ┃ 4 │   │   ┃
┣━━━┿━━━┿━━━╋━━━┿━━━┿━━━╋━━━┿━━━┿━━━┫
┃   │   │ 2 ┃ 5 │ 9 │ 1 ┃   │ 4 │   ┃
┠───┼───┼───╂───┼───┼───╂───┼───┼───┨
┃   │ 6 │ 5 ┃ 4 │ 8 │ 7 ┃   │   │   ┃
┠───┼───┼───╂───┼───┼───╂───┼───┼───┨
┃ 4 │   │   ┃ 6 │ 3 │ 2 ┃ 7 │   │   ┃
┗━━━┷━━━┷━━━┻━━━┷━━━┷━━━┻━━━┷━━━┷━━━┛
┏━━━┯━━━┯━━━┳━━━┯━━━┯━━━┳━━━┯━━━┯━━━┓
┃   │   │ 4 ┃   │   │ 5 ┃   │   │   ┃
┠───┼───┼───╂───┼───┼───╂───┼───┼───┨
┃   │   │ 6 ┃ 3 │ 7 │ 4 ┃ 8 │ 9 │ 1 ┃
┠───┼───┼───╂───┼───┼───╂───┼───┼───┨
┃ 3 │ 1 │   ┃   │ 2 │   ┃ 5 │   │ 4 ┃
┣━━━┿━━━┿━━━╋━━━┿━━━┿━━━╋━━━┿━━━┿━━━┫
┃   │   │   ┃ 7 │ 4 │ 3 ┃ 9 │   │   ┃
┠───┼───┼───╂───┼───┼───╂───┼───┼───┨
┃   │ 4 │   ┃   │   │   ┃   │ 3 │   ┃
┠───┼───┼───╂───┼───┼───╂───┼───┼───┨
┃   │   │ 3 ┃ 2 │   │ 8 ┃ 4 │   │   ┃
┣━━━┿━━━┿━━━╋━━━┿━━━┿━━━╋━━━┿━━━┿━━━┫
┃ 7 │ 3 │ 2 ┃ 5 │ 9 │ 1 ┃ 6 │ 4 │   ┃
┠───┼───┼───╂───┼───┼───╂───┼───┼───┨
┃   │ 6 │ 5 ┃ 4 │ 8 │ 7 ┃   │   │   ┃
┠───┼───┼───╂───┼───┼───╂───┼───┼───┨
┃ 4 │   │   ┃ 6 │ 3 │ 2 ┃ 7 │   │   ┃
┗━━━┷━━━┷━━━┻━━━┷━━━┷━━━┻━━━┷━━━┷━━━┛
┏━━━┯━━━┯━━━┳━━━┯━━━┯━━━┳━━━┯━━━┯━━━┓
┃   │   │ 4 ┃   │   │ 5 ┃   │   │   ┃
┠───┼───┼───╂───┼───┼───╂───┼───┼───┨
┃   │   │ 6 ┃ 3 │ 7 │ 4 ┃ 8 │ 9 │ 1 ┃
┠───┼───┼───╂───┼───┼───╂───┼───┼───┨
┃ 3 │ 1 │   ┃   │ 2 │   ┃ 5 │   │ 4 ┃
┣━━━┿━━━┿━━━╋━━━┿━━━┿━━━╋━━━┿━━━┿━━━┫
┃   │   │   ┃ 7 │ 4 │ 3 ┃ 9 │   │   ┃
┠───┼───┼───╂───┼───┼───╂───┼───┼───┨
┃   │ 4 │   ┃   │   │   ┃   │ 3 │   ┃
┠───┼───┼───╂───┼───┼───╂───┼───┼───┨
┃   │   │ 3 ┃ 2 │   │ 8 ┃ 4 │   │   ┃
┣━━━┿━━━┿━━━╋━━━┿━━━┿━━━╋━━━┿━━━┿━━━┫
┃ 7 │ 3 │ 2 ┃ 5 │ 9 │ 1 ┃ 6 │ 4 │ 8 ┃
┠───┼───┼───╂───┼───┼───╂───┼───┼───┨
┃   │ 6 │ 5 ┃ 4 │ 8 │ 7 ┃   │   │   ┃
┠───┼───┼───╂───┼───┼───╂───┼───┼───┨
┃ 4 │   │   ┃ 6 │ 3 │ 2 ┃ 7 │   │   ┃
┗━━━┷━━━┷━━━┻━━━┷━━━┷━━━┻━━━┷━━━┷━━━┛
